
> @lark-sso/mobile@0.1.0 build
> next build

▲ Next.js 16.1.7 (Turbopack)
- Environments: .env.local

  Creating an optimized production build ...
✓ Compiled successfully in 2.7s
  Running TypeScript ...
  Collecting page data using 23 workers ...
  Generating static pages using 23 workers (0/7) ...
  Generating static pages using 23 workers (1/7) 
  Generating static pages using 23 workers (3/7) 
  Generating static pages using 23 workers (5/7) 
✓ Generating static pages using 23 workers (7/7) in 377.2ms
  Finalizing page optimization ...

Route (app)
┌ ○ /
├ ○ /_not-found
├ ƒ /api/auth/callback
├ ƒ /api/debug/lark-contact
└ ○ /welcome


ƒ Proxy (Middleware)

○  (Static)   prerendered as static content
ƒ  (Dynamic)  server-rendered on demand

